DEB [20220324-12:14:05.299] thr=1   paramiko.transport: starting thread (client mode): 0x1fa3fc70
DEB [20220324-12:14:05.299] thr=1   paramiko.transport: Local version/idstring: SSH-2.0-paramiko_2.10.3
DEB [20220324-12:14:05.300] thr=1   paramiko.transport: Remote version/idstring: SSH-1.99--
INF [20220324-12:14:05.300] thr=1   paramiko.transport: Connected (version 1.99, client -)
DEB [20220324-12:14:05.314] thr=1   paramiko.transport: === Key exchange possibilities ===
DEB [20220324-12:14:05.314] thr=1   paramiko.transport: kex algos: diffie-hellman-group-exchange-sha1, diffie-hellman-group1-sha1
DEB [20220324-12:14:05.315] thr=1   paramiko.transport: server key: ssh-dss, ssh-rsa
DEB [20220324-12:14:05.315] thr=1   paramiko.transport: client encrypt: aes256-cbc, aes128-cbc, 3des-cbc, des-cbc
DEB [20220324-12:14:05.315] thr=1   paramiko.transport: server encrypt: aes256-cbc, aes128-cbc, 3des-cbc, des-cbc
DEB [20220324-12:14:05.315] thr=1   paramiko.transport: client mac: hmac-sha2-256, hmac-sha2-256-96, hmac-sha1, hmac-sha1-96, hmac-md5, hmac-md5-96
DEB [20220324-12:14:05.315] thr=1   paramiko.transport: server mac: hmac-sha2-256, hmac-sha2-256-96, hmac-sha1, hmac-sha1-96, hmac-md5, hmac-md5-96
DEB [20220324-12:14:05.315] thr=1   paramiko.transport: client compress: none, zlib
DEB [20220324-12:14:05.315] thr=1   paramiko.transport: server compress: none, zlib
DEB [20220324-12:14:05.315] thr=1   paramiko.transport: client lang: <none>
DEB [20220324-12:14:05.315] thr=1   paramiko.transport: server lang: <none>
DEB [20220324-12:14:05.316] thr=1   paramiko.transport: kex follows: False
DEB [20220324-12:14:05.316] thr=1   paramiko.transport: === Key exchange agreements ===
DEB [20220324-12:14:05.316] thr=1   paramiko.transport: Kex: diffie-hellman-group-exchange-sha1
DEB [20220324-12:14:05.316] thr=1   paramiko.transport: HostKey: ssh-rsa
DEB [20220324-12:14:05.316] thr=1   paramiko.transport: Cipher: aes128-cbc
DEB [20220324-12:14:05.316] thr=1   paramiko.transport: MAC: hmac-sha2-256
DEB [20220324-12:14:05.316] thr=1   paramiko.transport: Compression: none
DEB [20220324-12:14:05.316] thr=1   paramiko.transport: === End of kex handshake ===
DEB [20220324-12:14:05.351] thr=1   paramiko.transport: Got server p (2048 bits)
DEB [20220324-12:14:06.024] thr=1   paramiko.transport: kex engine KexGex specified hash_algo <built-in function openssl_sha1>
DEB [20220324-12:14:06.025] thr=1   paramiko.transport: Switch to new keys ...
DEB [20220324-12:14:06.025] thr=2   paramiko.transport: Rejecting ssh-rsa host key for 10.64.81.30: b'bae9429ddbb335bfac96142a59a1fbf6'
DEB [20220324-12:14:06.029] thr=1   paramiko.transport: EOF in transport thread
DEB [20220324-12:15:05.613] thr=1   paramiko.transport: starting thread (client mode): 0x2a1ced00
DEB [20220324-12:15:05.613] thr=1   paramiko.transport: Local version/idstring: SSH-2.0-paramiko_2.10.3
DEB [20220324-12:15:05.614] thr=1   paramiko.transport: Remote version/idstring: SSH-1.99--
INF [20220324-12:15:05.615] thr=1   paramiko.transport: Connected (version 1.99, client -)
DEB [20220324-12:15:05.630] thr=1   paramiko.transport: === Key exchange possibilities ===
DEB [20220324-12:15:05.630] thr=1   paramiko.transport: kex algos: diffie-hellman-group-exchange-sha1, diffie-hellman-group1-sha1
DEB [20220324-12:15:05.630] thr=1   paramiko.transport: server key: ssh-dss, ssh-rsa
DEB [20220324-12:15:05.631] thr=1   paramiko.transport: client encrypt: aes256-cbc, aes128-cbc, 3des-cbc, des-cbc
DEB [20220324-12:15:05.631] thr=1   paramiko.transport: server encrypt: aes256-cbc, aes128-cbc, 3des-cbc, des-cbc
DEB [20220324-12:15:05.631] thr=1   paramiko.transport: client mac: hmac-sha2-256, hmac-sha2-256-96, hmac-sha1, hmac-sha1-96, hmac-md5, hmac-md5-96
DEB [20220324-12:15:05.631] thr=1   paramiko.transport: server mac: hmac-sha2-256, hmac-sha2-256-96, hmac-sha1, hmac-sha1-96, hmac-md5, hmac-md5-96
DEB [20220324-12:15:05.631] thr=1   paramiko.transport: client compress: none, zlib
DEB [20220324-12:15:05.631] thr=1   paramiko.transport: server compress: none, zlib
DEB [20220324-12:15:05.631] thr=1   paramiko.transport: client lang: <none>
DEB [20220324-12:15:05.631] thr=1   paramiko.transport: server lang: <none>
DEB [20220324-12:15:05.631] thr=1   paramiko.transport: kex follows: False
DEB [20220324-12:15:05.631] thr=1   paramiko.transport: === Key exchange agreements ===
DEB [20220324-12:15:05.631] thr=1   paramiko.transport: Kex: diffie-hellman-group-exchange-sha1
DEB [20220324-12:15:05.631] thr=1   paramiko.transport: HostKey: ssh-rsa
DEB [20220324-12:15:05.631] thr=1   paramiko.transport: Cipher: aes128-cbc
DEB [20220324-12:15:05.631] thr=1   paramiko.transport: MAC: hmac-sha2-256
DEB [20220324-12:15:05.631] thr=1   paramiko.transport: Compression: none
DEB [20220324-12:15:05.631] thr=1   paramiko.transport: === End of kex handshake ===
DEB [20220324-12:15:05.668] thr=1   paramiko.transport: Got server p (2048 bits)
DEB [20220324-12:15:06.350] thr=1   paramiko.transport: kex engine KexGex specified hash_algo <built-in function openssl_sha1>
DEB [20220324-12:15:06.351] thr=1   paramiko.transport: Switch to new keys ...
DEB [20220324-12:15:06.352] thr=2   paramiko.transport: Rejecting ssh-rsa host key for 10.64.81.30: b'bae9429ddbb335bfac96142a59a1fbf6'
DEB [20220324-12:15:06.354] thr=1   paramiko.transport: EOF in transport thread
DEB [20220324-12:16:04.379] thr=1   paramiko.transport: starting thread (client mode): 0xfa530d60
DEB [20220324-12:16:04.380] thr=1   paramiko.transport: Local version/idstring: SSH-2.0-paramiko_2.10.3
DEB [20220324-12:16:04.381] thr=1   paramiko.transport: Remote version/idstring: SSH-1.99--
INF [20220324-12:16:04.381] thr=1   paramiko.transport: Connected (version 1.99, client -)
DEB [20220324-12:16:04.395] thr=1   paramiko.transport: === Key exchange possibilities ===
DEB [20220324-12:16:04.395] thr=1   paramiko.transport: kex algos: diffie-hellman-group-exchange-sha1, diffie-hellman-group1-sha1
DEB [20220324-12:16:04.396] thr=1   paramiko.transport: server key: ssh-dss, ssh-rsa
DEB [20220324-12:16:04.396] thr=1   paramiko.transport: client encrypt: aes256-cbc, aes128-cbc, 3des-cbc, des-cbc
DEB [20220324-12:16:04.396] thr=1   paramiko.transport: server encrypt: aes256-cbc, aes128-cbc, 3des-cbc, des-cbc
DEB [20220324-12:16:04.396] thr=1   paramiko.transport: client mac: hmac-sha2-256, hmac-sha2-256-96, hmac-sha1, hmac-sha1-96, hmac-md5, hmac-md5-96
DEB [20220324-12:16:04.396] thr=1   paramiko.transport: server mac: hmac-sha2-256, hmac-sha2-256-96, hmac-sha1, hmac-sha1-96, hmac-md5, hmac-md5-96
DEB [20220324-12:16:04.396] thr=1   paramiko.transport: client compress: none, zlib
DEB [20220324-12:16:04.396] thr=1   paramiko.transport: server compress: none, zlib
DEB [20220324-12:16:04.396] thr=1   paramiko.transport: client lang: <none>
DEB [20220324-12:16:04.396] thr=1   paramiko.transport: server lang: <none>
DEB [20220324-12:16:04.396] thr=1   paramiko.transport: kex follows: False
DEB [20220324-12:16:04.396] thr=1   paramiko.transport: === Key exchange agreements ===
DEB [20220324-12:16:04.396] thr=1   paramiko.transport: Kex: diffie-hellman-group-exchange-sha1
DEB [20220324-12:16:04.396] thr=1   paramiko.transport: HostKey: ssh-rsa
DEB [20220324-12:16:04.396] thr=1   paramiko.transport: Cipher: aes128-cbc
DEB [20220324-12:16:04.396] thr=1   paramiko.transport: MAC: hmac-sha2-256
DEB [20220324-12:16:04.396] thr=1   paramiko.transport: Compression: none
DEB [20220324-12:16:04.396] thr=1   paramiko.transport: === End of kex handshake ===
DEB [20220324-12:16:04.431] thr=1   paramiko.transport: Got server p (2048 bits)
DEB [20220324-12:16:05.120] thr=1   paramiko.transport: kex engine KexGex specified hash_algo <built-in function openssl_sha1>
DEB [20220324-12:16:05.121] thr=1   paramiko.transport: Switch to new keys ...
DEB [20220324-12:16:05.121] thr=2   paramiko.transport: Adding ssh-rsa host key for 10.64.81.30: b'bae9429ddbb335bfac96142a59a1fbf6'
DEB [20220324-12:16:05.166] thr=1   paramiko.transport: userauth is OK
INF [20220324-12:16:05.188] thr=1   paramiko.transport: Authentication (password) successful!
DEB [20220324-12:16:05.189] thr=2   paramiko.transport: [chan 0] Max packet in: 32768 bytes
DEB [20220324-12:16:05.192] thr=1   paramiko.transport: [chan 0] Max packet out: 32768 bytes
DEB [20220324-12:16:05.192] thr=1   paramiko.transport: Secsh channel 0 opened.
DEB [20220324-12:16:05.197] thr=1   paramiko.transport: [chan 0] Sesch channel 0 request ok
ERR [20220324-12:16:35.743] thr=1   paramiko.transport: Socket exception: An existing connection was forcibly closed by the remote host (10054)
